<?xml version="1.0" encoding="UTF-8"?>
<testng-results skipped="0" failed="0" ignored="0" total="1" passed="1">
  <reporter-output>
  </reporter-output>
  <suite name="Default suite" duration-ms="8063" started-at="2017-11-28T19:08:28Z" finished-at="2017-11-28T19:08:36Z">
    <groups>
    </groups>
    <test name="Default test" duration-ms="8063" started-at="2017-11-28T19:08:28Z" finished-at="2017-11-28T19:08:36Z">
      <class name="com.selenium.Launch">
        <test-method status="PASS" signature="page()[pri:0, instance:com.selenium.Launch@1d8d30f7]" name="page" duration-ms="8030" started-at="2017-11-29T00:38:28Z" finished-at="2017-11-29T00:38:36Z">
          <reporter-output>
          </reporter-output>
        </test-method> <!-- page -->
      </class> <!-- com.selenium.Launch -->
    </test> <!-- Default test -->
  </suite> <!-- Default suite -->
</testng-results>
